  [1m[35m (1.6ms)[0m  [1m[34mSELECT sqlite_version(*)[0m
  [1m[35m (13.0ms)[0m  [1m[35mCREATE TABLE "schema_migrations" ("version" varchar NOT NULL PRIMARY KEY)[0m
  [1m[35m (10.7ms)[0m  [1m[35mCREATE TABLE "ar_internal_metadata" ("key" varchar NOT NULL PRIMARY KEY, "value" varchar, "created_at" datetime(6) NOT NULL, "updated_at" datetime(6) NOT NULL)[0m
  [1m[35m (0.1ms)[0m  [1m[34mSELECT "schema_migrations"."version" FROM "schema_migrations" ORDER BY "schema_migrations"."version" ASC[0m
Migrating to CreateProducts (20200925234029)
  [1m[35m (0.0ms)[0m  [1m[36mbegin transaction[0m
  [1m[35m (0.5ms)[0m  [1m[35mCREATE TABLE "products" ("id" integer PRIMARY KEY AUTOINCREMENT NOT NULL, "title" varchar, "description" text, "image_url" varchar, "price" decimal(8,2), "created_at" datetime(6) NOT NULL, "updated_at" datetime(6) NOT NULL)[0m
  [1m[36mprimary::SchemaMigration Create (0.1ms)[0m  [1m[32mINSERT INTO "schema_migrations" ("version") VALUES (?)[0m  [["version", "20200925234029"]]
  [1m[35m (4.0ms)[0m  [1m[36mcommit transaction[0m
  [1m[36mActiveRecord::InternalMetadata Load (0.2ms)[0m  [1m[34mSELECT "ar_internal_metadata".* FROM "ar_internal_metadata" WHERE "ar_internal_metadata"."key" = ? LIMIT ?[0m  [["key", "environment"], ["LIMIT", 1]]
  [1m[35m (0.0ms)[0m  [1m[36mbegin transaction[0m
  [1m[36mActiveRecord::InternalMetadata Create (0.7ms)[0m  [1m[32mINSERT INTO "ar_internal_metadata" ("key", "value", "created_at", "updated_at") VALUES (?, ?, ?, ?)[0m  [["key", "environment"], ["value", "development"], ["created_at", "2020-09-25 23:47:21.635922"], ["updated_at", "2020-09-25 23:47:21.635922"]]
  [1m[35m (7.1ms)[0m  [1m[36mcommit transaction[0m
  [1m[35m (0.0ms)[0m  [1m[34mSELECT sqlite_version(*)[0m
  [1m[35m (0.1ms)[0m  [1m[34mSELECT "schema_migrations"."version" FROM "schema_migrations" ORDER BY "schema_migrations"."version" ASC[0m
Started GET "/" for 127.0.0.1 at 2020-09-25 19:51:55 -0400
  [1m[35m (0.3ms)[0m  [1m[34mSELECT sqlite_version(*)[0m
  [1m[35m (0.1ms)[0m  [1m[34mSELECT "schema_migrations"."version" FROM "schema_migrations" ORDER BY "schema_migrations"."version" ASC[0m
Processing by Rails::WelcomeController#index as HTML
  Rendering /home/andrew/.rbenv/versions/2.6.5/lib/ruby/gems/2.6.0/gems/railties-6.0.3.3/lib/rails/templates/rails/welcome/index.html.erb
  Rendered /home/andrew/.rbenv/versions/2.6.5/lib/ruby/gems/2.6.0/gems/railties-6.0.3.3/lib/rails/templates/rails/welcome/index.html.erb (Duration: 3.5ms | Allocations: 480)
Completed 200 OK in 31ms (Views: 20.8ms | ActiveRecord: 0.0ms | Allocations: 2806)


Started GET "/products" for 127.0.0.1 at 2020-09-25 19:52:32 -0400
Processing by ProductsController#index as HTML
  Rendering products/index.html.erb within layouts/application
  [1m[36mProduct Load (0.6ms)[0m  [1m[34mSELECT "products".* FROM "products"[0m
  ↳ app/views/products/index.html.erb:17
  Rendered products/index.html.erb within layouts/application (Duration: 8.9ms | Allocations: 1582)
[Webpacker] Compiling...
[Webpacker] Compiled all packs in /home/andrew/dev/agile-web-development-with-rails-6/depot/public/packs
[Webpacker] Hash: 15d1bb7b54cf6326b9ba
Version: webpack 4.44.2
Time: 5318ms
Built at: 09/25/2020 7:52:41 PM
                                     Asset       Size       Chunks                         Chunk Names
    js/application-9afcbb5693aa87623e69.js    124 KiB  application  [emitted] [immutable]  application
js/application-9afcbb5693aa87623e69.js.map    139 KiB  application  [emitted] [dev]        application
                             manifest.json  364 bytes               [emitted]              
Entrypoint application = js/application-9afcbb5693aa87623e69.js js/application-9afcbb5693aa87623e69.js.map
[./app/javascript/channels sync recursive _channel\.js$] ./app/javascript/channels sync _channel\.js$ 160 bytes {application} [built]
[./app/javascript/channels/index.js] 211 bytes {application} [built]
[./app/javascript/packs/application.js] 749 bytes {application} [built]
[./node_modules/webpack/buildin/module.js] (webpack)/buildin/module.js 552 bytes {application} [built]
    + 3 hidden modules

Completed 200 OK in 8723ms (Views: 8719.6ms | ActiveRecord: 0.8ms | Allocations: 23402)


Started GET "/products/new" for 127.0.0.1 at 2020-09-25 19:52:49 -0400
Processing by ProductsController#new as HTML
  Rendering products/new.html.erb within layouts/application
  Rendered products/_form.html.erb (Duration: 39.7ms | Allocations: 5804)
  Rendered products/new.html.erb within layouts/application (Duration: 42.2ms | Allocations: 6164)
[Webpacker] Everything's up-to-date. Nothing to do
Completed 200 OK in 81ms (Views: 56.7ms | ActiveRecord: 0.7ms | Allocations: 14374)


Started GET "/products/new" for 127.0.0.1 at 2020-09-25 20:00:28 -0400
  [1m[35m (0.1ms)[0m  [1m[34mSELECT sqlite_version(*)[0m
Processing by ProductsController#new as HTML
  Rendering products/new.html.erb within layouts/application
  Rendered products/_form.html.erb (Duration: 34.3ms | Allocations: 1501)
  Rendered products/new.html.erb within layouts/application (Duration: 43.8ms | Allocations: 1845)
[Webpacker] Everything's up-to-date. Nothing to do
Completed 200 OK in 69ms (Views: 68.5ms | ActiveRecord: 0.0ms | Allocations: 6213)


Started POST "/products" for 127.0.0.1 at 2020-09-25 20:02:36 -0400
Processing by ProductsController#create as HTML
  Parameters: {"authenticity_token"=>"7PQRsEoqOTh2VzV0medJU9Q56byT62Dw1SDOUHOuPWZjxTb6NJj3wyu6EKBAPI+ZWON9npaGINyaPqCf70pTag==", "product"=>{"title"=>"Seven Mobile Apps in Seven Weeks", "description"=>"<p>\r\n  <em>Native Apps, Multiple Platforms</em>\r\n  Answer the question “Can we build this for ALL the\r\n  devices?” with a resounding YES. This book will help you\r\n  get there with a real-world introduction to seven\r\n  platforms, whether you’re new to mobile or an experienced\r\n  developer needing to expand your options. Plus, you’ll\r\n  find out which cross-platform solution makes the most\r\n  sense for your needs.\r\n<p>", "image_url"=>"7apps.jpg", "price"=>"29.00"}, "commit"=>"Create Product"}
  [1m[35m (0.1ms)[0m  [1m[36mbegin transaction[0m
  ↳ app/controllers/products_controller.rb:30:in `block in create'
  [1m[36mProduct Create (1.2ms)[0m  [1m[32mINSERT INTO "products" ("title", "description", "image_url", "price", "created_at", "updated_at") VALUES (?, ?, ?, ?, ?, ?)[0m  [["title", "Seven Mobile Apps in Seven Weeks"], ["description", "<p>\r\n  <em>Native Apps, Multiple Platforms</em>\r\n  Answer the question “Can we build this for ALL the\r\n  devices?” with a resounding YES. This book will help you\r\n  get there with a real-world introduction to seven\r\n  platforms, whether you’re new to mobile or an experienced\r\n  developer needing to expand your options. Plus, you’ll\r\n  find out which cross-platform solution makes the most\r\n  sense for your needs.\r\n<p>"], ["image_url", "7apps.jpg"], ["price", 29.0], ["created_at", "2020-09-26 00:02:36.032359"], ["updated_at", "2020-09-26 00:02:36.032359"]]
  ↳ app/controllers/products_controller.rb:30:in `block in create'
  [1m[35m (3.9ms)[0m  [1m[36mcommit transaction[0m
  ↳ app/controllers/products_controller.rb:30:in `block in create'
Redirected to http://127.0.0.1:3000/products/1
Completed 302 Found in 25ms (ActiveRecord: 5.2ms | Allocations: 4082)


Started GET "/products/1" for 127.0.0.1 at 2020-09-25 20:02:36 -0400
Processing by ProductsController#show as HTML
  Parameters: {"id"=>"1"}
  [1m[36mProduct Load (0.2ms)[0m  [1m[34mSELECT "products".* FROM "products" WHERE "products"."id" = ? LIMIT ?[0m  [["id", 1], ["LIMIT", 1]]
  ↳ app/controllers/products_controller.rb:67:in `set_product'
  Rendering products/show.html.erb within layouts/application
  Rendered products/show.html.erb within layouts/application (Duration: 0.5ms | Allocations: 317)
[Webpacker] Everything's up-to-date. Nothing to do
Completed 200 OK in 32ms (Views: 24.9ms | ActiveRecord: 0.2ms | Allocations: 4923)


Started GET "/products" for 127.0.0.1 at 2020-09-25 20:02:38 -0400
Processing by ProductsController#index as HTML
  Rendering products/index.html.erb within layouts/application
  [1m[36mProduct Load (0.1ms)[0m  [1m[34mSELECT "products".* FROM "products"[0m
  ↳ app/views/products/index.html.erb:17
  Rendered products/index.html.erb within layouts/application (Duration: 2.0ms | Allocations: 1109)
[Webpacker] Everything's up-to-date. Nothing to do
Completed 200 OK in 18ms (Views: 16.8ms | ActiveRecord: 0.1ms | Allocations: 4711)


Started GET "/products" for 127.0.0.1 at 2020-09-25 20:02:41 -0400
Processing by ProductsController#index as HTML
  Rendering products/index.html.erb within layouts/application
  [1m[36mProduct Load (0.1ms)[0m  [1m[34mSELECT "products".* FROM "products"[0m
  ↳ app/views/products/index.html.erb:17
  Rendered products/index.html.erb within layouts/application (Duration: 1.0ms | Allocations: 795)
[Webpacker] Everything's up-to-date. Nothing to do
Completed 200 OK in 9ms (Views: 8.5ms | ActiveRecord: 0.1ms | Allocations: 4240)


  [1m[35m (0.2ms)[0m  [1m[34mSELECT sqlite_version(*)[0m
  [1m[35m (0.1ms)[0m  [1m[34mSELECT "schema_migrations"."version" FROM "schema_migrations" ORDER BY "schema_migrations"."version" ASC[0m
  [1m[35m (0.1ms)[0m  [1m[34mSELECT sqlite_version(*)[0m
  [1m[36mProduct Destroy (5.6ms)[0m  [1m[31mDELETE FROM "products"[0m
  [1m[35m (0.0ms)[0m  [1m[36mbegin transaction[0m
  [1m[36mProduct Create (1.3ms)[0m  [1m[32mINSERT INTO "products" ("title", "description", "image_url", "price", "created_at", "updated_at") VALUES (?, ?, ?, ?, ?, ?)[0m  [["title", "Docker for Rails Developers"], ["description", "<p>\n      <em>Build, Ship, and Run Your Applications Everywhere</em>\n      Docker does for DevOps what Rails did for web development—it gives you \n      a new set of superpowers. Gone are “works on my machine” woes and lengthy \n      setup tasks, replaced instead by a simple, consistent, Docker-based \n      development environment that will have your team up and running in seconds. \n      Gain hands-on, real-world experience with a tool that’s rapidly becoming \n      fundamental to software development. Go from zero all the way to production \n      as Docker transforms the massive leap of deploying your app in the cloud \n      into a baby step.\n      </p>"], ["image_url", "ridocker.jpg"], ["price", 38.0], ["created_at", "2020-09-26 00:14:42.608809"], ["updated_at", "2020-09-26 00:14:42.608809"]]
  [1m[35m (26.7ms)[0m  [1m[36mcommit transaction[0m
  [1m[35m (0.0ms)[0m  [1m[36mbegin transaction[0m
  [1m[36mProduct Create (1.5ms)[0m  [1m[32mINSERT INTO "products" ("title", "description", "image_url", "price", "created_at", "updated_at") VALUES (?, ?, ?, ?, ?, ?)[0m  [["title", "Build Chatbot Interactions"], ["description", "<p>\n      <em>Responsive, Intuitive Interfaces with Ruby</em>\n      The next step in the evolution of user interfaces is here. \n      Chatbots let your users interact with your service in their\n      own natural language. Use free and open source tools along \n      with Ruby to build creative, useful, and unexpected interactions \n      for users. Take advantage of the Lita framework’s step-by-step \n      implementation strategy to simplify bot development and testing.\n      From novices to experts, chatbots are an area in which everyone \n      can participate. Exercise your creativity by creating chatbot \n      skills for communicating, information, and fun.\n      </p>"], ["image_url", "dpchat.jpg"], ["price", 20.0], ["created_at", "2020-09-26 00:14:42.639982"], ["updated_at", "2020-09-26 00:14:42.639982"]]
  [1m[35m (4.4ms)[0m  [1m[36mcommit transaction[0m
  [1m[35m (0.0ms)[0m  [1m[36mbegin transaction[0m
  [1m[36mProduct Create (0.7ms)[0m  [1m[32mINSERT INTO "products" ("title", "description", "image_url", "price", "created_at", "updated_at") VALUES (?, ?, ?, ?, ?, ?)[0m  [["title", "Programming Crystal"], ["description", "<p>\n      <em>Create High-Performance, Safe, Concurrent Apps</em>\n      Crystal is for Ruby programmers who want more performance or for \n      developers who enjoy working in a high-level scripting environment. Crystal \n      combines native execution speed and concurrency with Ruby-like syntax, so \n      you will feel right at home. This book, the first available on Crystal, \n      shows you how to write applications that have the beauty and elegance of a \n      modern language, combined with the power of types and modern concurrency \n      tooling. Now you can write beautiful code that runs faster, scales better, \n      and is a breeze to deploy.\n      </p>"], ["image_url", "crystal.jpg"], ["price", 40.0], ["created_at", "2020-09-26 00:14:42.648967"], ["updated_at", "2020-09-26 00:14:42.648967"]]
  [1m[35m (3.2ms)[0m  [1m[36mcommit transaction[0m
Started GET "/products" for 127.0.0.1 at 2020-09-25 20:41:45 -0400
  [1m[35m (0.1ms)[0m  [1m[34mSELECT sqlite_version(*)[0m
Processing by ProductsController#index as HTML
  Rendering products/index.html.erb within layouts/application
  [1m[36mProduct Load (0.1ms)[0m  [1m[34mSELECT "products".* FROM "products"[0m
  ↳ app/views/products/index.html.erb:17
  Rendered products/index.html.erb within layouts/application (Duration: 1.8ms | Allocations: 1386)
[Webpacker] Everything's up-to-date. Nothing to do
Completed 200 OK in 68ms (Views: 67.4ms | ActiveRecord: 0.1ms | Allocations: 14684)


Started GET "/products" for 127.0.0.1 at 2020-09-25 20:42:22 -0400
Processing by ProductsController#index as HTML
  Rendering products/index.html.erb within layouts/application
  [1m[36mProduct Load (0.1ms)[0m  [1m[34mSELECT "products".* FROM "products"[0m
  ↳ app/views/products/index.html.erb:16
  Rendered products/index.html.erb within layouts/application (Duration: 166.7ms | Allocations: 15832)
[Webpacker] Everything's up-to-date. Nothing to do
Completed 200 OK in 186ms (Views: 185.0ms | ActiveRecord: 0.1ms | Allocations: 20201)


